🩺 The doctor is checking the health of your Storybook..
╭ Incompatible packages found ─────────────╮
│                                          │
│   You are currently using Storybook      │
│   9.0.1 but you have packages which      │
│   are incompatible with it:              │
│   - storybook-dark-mode@4.0.2 which      │
│   depends on ^8.0.0                      │
│                                          │
│                                          │
│   Please consider updating your          │
│   packages or contacting the             │
│   maintainers for compatibility          │
│   details.                               │
│   For more on Storybook 9                │
│   compatibility, see the linked GitHub   │
│   issue:                                 │
│   https://github.com/storybookjs/story   │
│   book/issues/30944                      │
│                                          │
╰──────────────────────────────────────────╯

You can always recheck the health of your project by running:
npx storybook doctor

Full logs are available in /root/dev/ethlete-sdk/doctor-storybook.log

